                                 Started job on |	Oct 17 10:46:20
                             Started mapping on |	Oct 17 10:55:00
                                    Finished on |	Oct 17 11:20:13
       Mapping speed, Million of reads per hour |	96.81

                          Number of input reads |	40687319
                      Average input read length |	298
                                    UNIQUE READS:
                   Uniquely mapped reads number |	39420558
                        Uniquely mapped reads % |	96.89%
                          Average mapped length |	297.86
                       Number of splices: Total |	40837459
            Number of splices: Annotated (sjdb) |	40776012
                       Number of splices: GT/AG |	40367094
                       Number of splices: GC/AG |	357976
                       Number of splices: AT/AC |	39425
               Number of splices: Non-canonical |	72964
                      Mismatch rate per base, % |	0.21%
                         Deletion rate per base |	0.01%
                        Deletion average length |	1.79
                        Insertion rate per base |	0.01%
                       Insertion average length |	1.75
                             MULTI-MAPPING READS:
        Number of reads mapped to multiple loci |	983937
             % of reads mapped to multiple loci |	2.42%
        Number of reads mapped to too many loci |	12480
             % of reads mapped to too many loci |	0.03%
                                  UNMAPPED READS:
  Number of reads unmapped: too many mismatches |	0
       % of reads unmapped: too many mismatches |	0.00%
            Number of reads unmapped: too short |	243471
                 % of reads unmapped: too short |	0.60%
                Number of reads unmapped: other |	26873
                     % of reads unmapped: other |	0.07%
                                  CHIMERIC READS:
                       Number of chimeric reads |	0
                            % of chimeric reads |	0.00%
