                                 Started job on |	Oct 17 10:47:29
                             Started mapping on |	Oct 17 10:57:13
                                    Finished on |	Oct 17 11:21:58
       Mapping speed, Million of reads per hour |	126.14

                          Number of input reads |	52033864
                      Average input read length |	299
                                    UNIQUE READS:
                   Uniquely mapped reads number |	50321445
                        Uniquely mapped reads % |	96.71%
                          Average mapped length |	298.65
                       Number of splices: Total |	56071582
            Number of splices: Annotated (sjdb) |	55991292
                       Number of splices: GT/AG |	55453150
                       Number of splices: GC/AG |	461614
                       Number of splices: AT/AC |	62365
               Number of splices: Non-canonical |	94453
                      Mismatch rate per base, % |	0.18%
                         Deletion rate per base |	0.02%
                        Deletion average length |	1.98
                        Insertion rate per base |	0.01%
                       Insertion average length |	1.63
                             MULTI-MAPPING READS:
        Number of reads mapped to multiple loci |	1421923
             % of reads mapped to multiple loci |	2.73%
        Number of reads mapped to too many loci |	11589
             % of reads mapped to too many loci |	0.02%
                                  UNMAPPED READS:
  Number of reads unmapped: too many mismatches |	0
       % of reads unmapped: too many mismatches |	0.00%
            Number of reads unmapped: too short |	252934
                 % of reads unmapped: too short |	0.49%
                Number of reads unmapped: other |	25973
                     % of reads unmapped: other |	0.05%
                                  CHIMERIC READS:
                       Number of chimeric reads |	0
                            % of chimeric reads |	0.00%
