                                 Started job on |	Oct 17 10:48:33
                             Started mapping on |	Oct 17 10:59:53
                                    Finished on |	Oct 17 11:23:25
       Mapping speed, Million of reads per hour |	148.86

                          Number of input reads |	58385081
                      Average input read length |	298
                                    UNIQUE READS:
                   Uniquely mapped reads number |	56482208
                        Uniquely mapped reads % |	96.74%
                          Average mapped length |	298.09
                       Number of splices: Total |	55126222
            Number of splices: Annotated (sjdb) |	55038618
                       Number of splices: GT/AG |	54512270
                       Number of splices: GC/AG |	445707
                       Number of splices: AT/AC |	64372
               Number of splices: Non-canonical |	103873
                      Mismatch rate per base, % |	0.20%
                         Deletion rate per base |	0.01%
                        Deletion average length |	1.93
                        Insertion rate per base |	0.01%
                       Insertion average length |	1.65
                             MULTI-MAPPING READS:
        Number of reads mapped to multiple loci |	1462434
             % of reads mapped to multiple loci |	2.50%
        Number of reads mapped to too many loci |	19802
             % of reads mapped to too many loci |	0.03%
                                  UNMAPPED READS:
  Number of reads unmapped: too many mismatches |	0
       % of reads unmapped: too many mismatches |	0.00%
            Number of reads unmapped: too short |	359425
                 % of reads unmapped: too short |	0.62%
                Number of reads unmapped: other |	61212
                     % of reads unmapped: other |	0.10%
                                  CHIMERIC READS:
                       Number of chimeric reads |	0
                            % of chimeric reads |	0.00%
