                                 Started job on |	Oct 17 10:47:13
                             Started mapping on |	Oct 17 10:56:54
                                    Finished on |	Oct 17 11:21:22
       Mapping speed, Million of reads per hour |	120.96

                          Number of input reads |	49323855
                      Average input read length |	299
                                    UNIQUE READS:
                   Uniquely mapped reads number |	47597378
                        Uniquely mapped reads % |	96.50%
                          Average mapped length |	298.62
                       Number of splices: Total |	48881403
            Number of splices: Annotated (sjdb) |	48801947
                       Number of splices: GT/AG |	48339177
                       Number of splices: GC/AG |	396242
                       Number of splices: AT/AC |	56264
               Number of splices: Non-canonical |	89720
                      Mismatch rate per base, % |	0.22%
                         Deletion rate per base |	0.01%
                        Deletion average length |	1.90
                        Insertion rate per base |	0.01%
                       Insertion average length |	1.60
                             MULTI-MAPPING READS:
        Number of reads mapped to multiple loci |	1354528
             % of reads mapped to multiple loci |	2.75%
        Number of reads mapped to too many loci |	23276
             % of reads mapped to too many loci |	0.05%
                                  UNMAPPED READS:
  Number of reads unmapped: too many mismatches |	0
       % of reads unmapped: too many mismatches |	0.00%
            Number of reads unmapped: too short |	283813
                 % of reads unmapped: too short |	0.58%
                Number of reads unmapped: other |	64860
                     % of reads unmapped: other |	0.13%
                                  CHIMERIC READS:
                       Number of chimeric reads |	0
                            % of chimeric reads |	0.00%
