                                 Started job on |	Oct 17 10:47:40
                             Started mapping on |	Oct 17 10:56:49
                                    Finished on |	Oct 17 11:22:08
       Mapping speed, Million of reads per hour |	116.54

                          Number of input reads |	49172118
                      Average input read length |	300
                                    UNIQUE READS:
                   Uniquely mapped reads number |	47521800
                        Uniquely mapped reads % |	96.64%
                          Average mapped length |	299.78
                       Number of splices: Total |	44677209
            Number of splices: Annotated (sjdb) |	44604158
                       Number of splices: GT/AG |	44154674
                       Number of splices: GC/AG |	389155
                       Number of splices: AT/AC |	55513
               Number of splices: Non-canonical |	77867
                      Mismatch rate per base, % |	0.22%
                         Deletion rate per base |	0.01%
                        Deletion average length |	1.87
                        Insertion rate per base |	0.01%
                       Insertion average length |	1.62
                             MULTI-MAPPING READS:
        Number of reads mapped to multiple loci |	1309199
             % of reads mapped to multiple loci |	2.66%
        Number of reads mapped to too many loci |	12747
             % of reads mapped to too many loci |	0.03%
                                  UNMAPPED READS:
  Number of reads unmapped: too many mismatches |	0
       % of reads unmapped: too many mismatches |	0.00%
            Number of reads unmapped: too short |	300310
                 % of reads unmapped: too short |	0.61%
                Number of reads unmapped: other |	28062
                     % of reads unmapped: other |	0.06%
                                  CHIMERIC READS:
                       Number of chimeric reads |	0
                            % of chimeric reads |	0.00%
