                                 Started job on |	Oct 17 10:50:11
                             Started mapping on |	Oct 17 11:00:59
                                    Finished on |	Oct 17 11:24:14
       Mapping speed, Million of reads per hour |	137.75

                          Number of input reads |	53377737
                      Average input read length |	299
                                    UNIQUE READS:
                   Uniquely mapped reads number |	51547403
                        Uniquely mapped reads % |	96.57%
                          Average mapped length |	298.66
                       Number of splices: Total |	56996727
            Number of splices: Annotated (sjdb) |	56916257
                       Number of splices: GT/AG |	56332872
                       Number of splices: GC/AG |	492712
                       Number of splices: AT/AC |	55132
               Number of splices: Non-canonical |	116011
                      Mismatch rate per base, % |	0.19%
                         Deletion rate per base |	0.01%
                        Deletion average length |	1.84
                        Insertion rate per base |	0.01%
                       Insertion average length |	1.68
                             MULTI-MAPPING READS:
        Number of reads mapped to multiple loci |	1411614
             % of reads mapped to multiple loci |	2.64%
        Number of reads mapped to too many loci |	18226
             % of reads mapped to too many loci |	0.03%
                                  UNMAPPED READS:
  Number of reads unmapped: too many mismatches |	0
       % of reads unmapped: too many mismatches |	0.00%
            Number of reads unmapped: too short |	328236
                 % of reads unmapped: too short |	0.61%
                Number of reads unmapped: other |	72258
                     % of reads unmapped: other |	0.14%
                                  CHIMERIC READS:
                       Number of chimeric reads |	0
                            % of chimeric reads |	0.00%
