                                 Started job on |	Oct 17 10:47:08
                             Started mapping on |	Oct 17 10:54:37
                                    Finished on |	Oct 17 11:20:25
       Mapping speed, Million of reads per hour |	80.85

                          Number of input reads |	34763738
                      Average input read length |	299
                                    UNIQUE READS:
                   Uniquely mapped reads number |	33526462
                        Uniquely mapped reads % |	96.44%
                          Average mapped length |	299.04
                       Number of splices: Total |	33749939
            Number of splices: Annotated (sjdb) |	33691729
                       Number of splices: GT/AG |	33339206
                       Number of splices: GC/AG |	312938
                       Number of splices: AT/AC |	31562
               Number of splices: Non-canonical |	66233
                      Mismatch rate per base, % |	0.20%
                         Deletion rate per base |	0.01%
                        Deletion average length |	1.85
                        Insertion rate per base |	0.01%
                       Insertion average length |	1.64
                             MULTI-MAPPING READS:
        Number of reads mapped to multiple loci |	943893
             % of reads mapped to multiple loci |	2.72%
        Number of reads mapped to too many loci |	12502
             % of reads mapped to too many loci |	0.04%
                                  UNMAPPED READS:
  Number of reads unmapped: too many mismatches |	0
       % of reads unmapped: too many mismatches |	0.00%
            Number of reads unmapped: too short |	249485
                 % of reads unmapped: too short |	0.72%
                Number of reads unmapped: other |	31396
                     % of reads unmapped: other |	0.09%
                                  CHIMERIC READS:
                       Number of chimeric reads |	0
                            % of chimeric reads |	0.00%
