                                 Started job on |	Oct 17 10:48:56
                             Started mapping on |	Oct 17 10:57:56
                                    Finished on |	Oct 17 11:23:02
       Mapping speed, Million of reads per hour |	105.28

                          Number of input reads |	44041384
                      Average input read length |	298
                                    UNIQUE READS:
                   Uniquely mapped reads number |	42396760
                        Uniquely mapped reads % |	96.27%
                          Average mapped length |	298.18
                       Number of splices: Total |	46866308
            Number of splices: Annotated (sjdb) |	46797556
                       Number of splices: GT/AG |	46319848
                       Number of splices: GC/AG |	424785
                       Number of splices: AT/AC |	45633
               Number of splices: Non-canonical |	76042
                      Mismatch rate per base, % |	0.18%
                         Deletion rate per base |	0.01%
                        Deletion average length |	1.80
                        Insertion rate per base |	0.01%
                       Insertion average length |	1.66
                             MULTI-MAPPING READS:
        Number of reads mapped to multiple loci |	1275182
             % of reads mapped to multiple loci |	2.90%
        Number of reads mapped to too many loci |	11522
             % of reads mapped to too many loci |	0.03%
                                  UNMAPPED READS:
  Number of reads unmapped: too many mismatches |	0
       % of reads unmapped: too many mismatches |	0.00%
            Number of reads unmapped: too short |	322495
                 % of reads unmapped: too short |	0.73%
                Number of reads unmapped: other |	35425
                     % of reads unmapped: other |	0.08%
                                  CHIMERIC READS:
                       Number of chimeric reads |	0
                            % of chimeric reads |	0.00%
