                                 Started job on |	Oct 17 10:48:15
                             Started mapping on |	Oct 17 10:58:18
                                    Finished on |	Oct 17 11:23:05
       Mapping speed, Million of reads per hour |	111.18

                          Number of input reads |	45923186
                      Average input read length |	298
                                    UNIQUE READS:
                   Uniquely mapped reads number |	44259209
                        Uniquely mapped reads % |	96.38%
                          Average mapped length |	297.90
                       Number of splices: Total |	54479294
            Number of splices: Annotated (sjdb) |	54406811
                       Number of splices: GT/AG |	53948463
                       Number of splices: GC/AG |	405895
                       Number of splices: AT/AC |	47758
               Number of splices: Non-canonical |	77178
                      Mismatch rate per base, % |	0.24%
                         Deletion rate per base |	0.01%
                        Deletion average length |	1.82
                        Insertion rate per base |	0.01%
                       Insertion average length |	1.85
                             MULTI-MAPPING READS:
        Number of reads mapped to multiple loci |	1187584
             % of reads mapped to multiple loci |	2.59%
        Number of reads mapped to too many loci |	9390
             % of reads mapped to too many loci |	0.02%
                                  UNMAPPED READS:
  Number of reads unmapped: too many mismatches |	0
       % of reads unmapped: too many mismatches |	0.00%
            Number of reads unmapped: too short |	444194
                 % of reads unmapped: too short |	0.97%
                Number of reads unmapped: other |	22809
                     % of reads unmapped: other |	0.05%
                                  CHIMERIC READS:
                       Number of chimeric reads |	0
                            % of chimeric reads |	0.00%
