                                 Started job on |	Oct 17 10:48:07
                             Started mapping on |	Oct 17 10:57:13
                                    Finished on |	Oct 17 11:22:37
       Mapping speed, Million of reads per hour |	103.04

                          Number of input reads |	43618676
                      Average input read length |	299
                                    UNIQUE READS:
                   Uniquely mapped reads number |	41546870
                        Uniquely mapped reads % |	95.25%
                          Average mapped length |	298.34
                       Number of splices: Total |	46091893
            Number of splices: Annotated (sjdb) |	46024808
                       Number of splices: GT/AG |	45604781
                       Number of splices: GC/AG |	342494
                       Number of splices: AT/AC |	50793
               Number of splices: Non-canonical |	93825
                      Mismatch rate per base, % |	0.18%
                         Deletion rate per base |	0.01%
                        Deletion average length |	1.86
                        Insertion rate per base |	0.01%
                       Insertion average length |	1.62
                             MULTI-MAPPING READS:
        Number of reads mapped to multiple loci |	1329023
             % of reads mapped to multiple loci |	3.05%
        Number of reads mapped to too many loci |	11974
             % of reads mapped to too many loci |	0.03%
                                  UNMAPPED READS:
  Number of reads unmapped: too many mismatches |	0
       % of reads unmapped: too many mismatches |	0.00%
            Number of reads unmapped: too short |	701623
                 % of reads unmapped: too short |	1.61%
                Number of reads unmapped: other |	29186
                     % of reads unmapped: other |	0.07%
                                  CHIMERIC READS:
                       Number of chimeric reads |	0
                            % of chimeric reads |	0.00%
