                                 Started job on |	Oct 17 10:47:08
                             Started mapping on |	Oct 17 10:55:47
                                    Finished on |	Oct 17 11:20:41
       Mapping speed, Million of reads per hour |	98.40

                          Number of input reads |	40837350
                      Average input read length |	299
                                    UNIQUE READS:
                   Uniquely mapped reads number |	39596294
                        Uniquely mapped reads % |	96.96%
                          Average mapped length |	298.66
                       Number of splices: Total |	42980081
            Number of splices: Annotated (sjdb) |	42916812
                       Number of splices: GT/AG |	42520978
                       Number of splices: GC/AG |	350647
                       Number of splices: AT/AC |	38593
               Number of splices: Non-canonical |	69863
                      Mismatch rate per base, % |	0.19%
                         Deletion rate per base |	0.01%
                        Deletion average length |	1.82
                        Insertion rate per base |	0.01%
                       Insertion average length |	1.61
                             MULTI-MAPPING READS:
        Number of reads mapped to multiple loci |	974388
             % of reads mapped to multiple loci |	2.39%
        Number of reads mapped to too many loci |	12685
             % of reads mapped to too many loci |	0.03%
                                  UNMAPPED READS:
  Number of reads unmapped: too many mismatches |	0
       % of reads unmapped: too many mismatches |	0.00%
            Number of reads unmapped: too short |	227911
                 % of reads unmapped: too short |	0.56%
                Number of reads unmapped: other |	26072
                     % of reads unmapped: other |	0.06%
                                  CHIMERIC READS:
                       Number of chimeric reads |	0
                            % of chimeric reads |	0.00%
