                                 Started job on |	Oct 17 10:48:57
                             Started mapping on |	Oct 17 10:59:20
                                    Finished on |	Oct 17 11:23:32
       Mapping speed, Million of reads per hour |	126.13

                          Number of input reads |	50872332
                      Average input read length |	299
                                    UNIQUE READS:
                   Uniquely mapped reads number |	49279239
                        Uniquely mapped reads % |	96.87%
                          Average mapped length |	299.00
                       Number of splices: Total |	53430678
            Number of splices: Annotated (sjdb) |	53342915
                       Number of splices: GT/AG |	52772427
                       Number of splices: GC/AG |	492574
                       Number of splices: AT/AC |	70214
               Number of splices: Non-canonical |	95463
                      Mismatch rate per base, % |	0.20%
                         Deletion rate per base |	0.01%
                        Deletion average length |	1.91
                        Insertion rate per base |	0.01%
                       Insertion average length |	1.58
                             MULTI-MAPPING READS:
        Number of reads mapped to multiple loci |	1275093
             % of reads mapped to multiple loci |	2.51%
        Number of reads mapped to too many loci |	13736
             % of reads mapped to too many loci |	0.03%
                                  UNMAPPED READS:
  Number of reads unmapped: too many mismatches |	0
       % of reads unmapped: too many mismatches |	0.00%
            Number of reads unmapped: too short |	259847
                 % of reads unmapped: too short |	0.51%
                Number of reads unmapped: other |	44417
                     % of reads unmapped: other |	0.09%
                                  CHIMERIC READS:
                       Number of chimeric reads |	0
                            % of chimeric reads |	0.00%
