                                 Started job on |	Oct 17 10:49:12
                             Started mapping on |	Oct 17 10:59:13
                                    Finished on |	Oct 17 11:23:06
       Mapping speed, Million of reads per hour |	122.40

                          Number of input reads |	48721659
                      Average input read length |	300
                                    UNIQUE READS:
                   Uniquely mapped reads number |	47087979
                        Uniquely mapped reads % |	96.65%
                          Average mapped length |	299.37
                       Number of splices: Total |	46212511
            Number of splices: Annotated (sjdb) |	46140372
                       Number of splices: GT/AG |	45665309
                       Number of splices: GC/AG |	421395
                       Number of splices: AT/AC |	47137
               Number of splices: Non-canonical |	78670
                      Mismatch rate per base, % |	0.21%
                         Deletion rate per base |	0.01%
                        Deletion average length |	1.81
                        Insertion rate per base |	0.01%
                       Insertion average length |	1.60
                             MULTI-MAPPING READS:
        Number of reads mapped to multiple loci |	1279425
             % of reads mapped to multiple loci |	2.63%
        Number of reads mapped to too many loci |	17779
             % of reads mapped to too many loci |	0.04%
                                  UNMAPPED READS:
  Number of reads unmapped: too many mismatches |	0
       % of reads unmapped: too many mismatches |	0.00%
            Number of reads unmapped: too short |	285208
                 % of reads unmapped: too short |	0.59%
                Number of reads unmapped: other |	51268
                     % of reads unmapped: other |	0.11%
                                  CHIMERIC READS:
                       Number of chimeric reads |	0
                            % of chimeric reads |	0.00%
