                                 Started job on |	Oct 17 10:47:17
                             Started mapping on |	Oct 17 10:54:57
                                    Finished on |	Oct 17 11:19:29
       Mapping speed, Million of reads per hour |	93.32

                          Number of input reads |	38156917
                      Average input read length |	299
                                    UNIQUE READS:
                   Uniquely mapped reads number |	36797999
                        Uniquely mapped reads % |	96.44%
                          Average mapped length |	298.80
                       Number of splices: Total |	36489175
            Number of splices: Annotated (sjdb) |	36429866
                       Number of splices: GT/AG |	36043640
                       Number of splices: GC/AG |	343443
                       Number of splices: AT/AC |	36277
               Number of splices: Non-canonical |	65815
                      Mismatch rate per base, % |	0.22%
                         Deletion rate per base |	0.01%
                        Deletion average length |	1.83
                        Insertion rate per base |	0.01%
                       Insertion average length |	1.79
                             MULTI-MAPPING READS:
        Number of reads mapped to multiple loci |	1052633
             % of reads mapped to multiple loci |	2.76%
        Number of reads mapped to too many loci |	13143
             % of reads mapped to too many loci |	0.03%
                                  UNMAPPED READS:
  Number of reads unmapped: too many mismatches |	0
       % of reads unmapped: too many mismatches |	0.00%
            Number of reads unmapped: too short |	263954
                 % of reads unmapped: too short |	0.69%
                Number of reads unmapped: other |	29188
                     % of reads unmapped: other |	0.08%
                                  CHIMERIC READS:
                       Number of chimeric reads |	0
                            % of chimeric reads |	0.00%
