                                 Started job on |	Oct 17 10:47:52
                             Started mapping on |	Oct 17 10:56:50
                                    Finished on |	Oct 17 11:20:55
       Mapping speed, Million of reads per hour |	106.75

                          Number of input reads |	42849644
                      Average input read length |	298
                                    UNIQUE READS:
                   Uniquely mapped reads number |	41303846
                        Uniquely mapped reads % |	96.39%
                          Average mapped length |	298.18
                       Number of splices: Total |	45979647
            Number of splices: Annotated (sjdb) |	45906356
                       Number of splices: GT/AG |	45425820
                       Number of splices: GC/AG |	417229
                       Number of splices: AT/AC |	41367
               Number of splices: Non-canonical |	95231
                      Mismatch rate per base, % |	0.19%
                         Deletion rate per base |	0.01%
                        Deletion average length |	1.91
                        Insertion rate per base |	0.01%
                       Insertion average length |	1.68
                             MULTI-MAPPING READS:
        Number of reads mapped to multiple loci |	1220771
             % of reads mapped to multiple loci |	2.85%
        Number of reads mapped to too many loci |	16253
             % of reads mapped to too many loci |	0.04%
                                  UNMAPPED READS:
  Number of reads unmapped: too many mismatches |	0
       % of reads unmapped: too many mismatches |	0.00%
            Number of reads unmapped: too short |	268533
                 % of reads unmapped: too short |	0.63%
                Number of reads unmapped: other |	40241
                     % of reads unmapped: other |	0.09%
                                  CHIMERIC READS:
                       Number of chimeric reads |	0
                            % of chimeric reads |	0.00%
