                                 Started job on |	Oct 17 10:46:40
                             Started mapping on |	Oct 17 10:54:38
                                    Finished on |	Oct 17 11:19:57
       Mapping speed, Million of reads per hour |	100.34

                          Number of input reads |	42336558
                      Average input read length |	299
                                    UNIQUE READS:
                   Uniquely mapped reads number |	40993139
                        Uniquely mapped reads % |	96.83%
                          Average mapped length |	299.02
                       Number of splices: Total |	38374294
            Number of splices: Annotated (sjdb) |	38316848
                       Number of splices: GT/AG |	37949253
                       Number of splices: GC/AG |	316295
                       Number of splices: AT/AC |	33924
               Number of splices: Non-canonical |	74822
                      Mismatch rate per base, % |	0.20%
                         Deletion rate per base |	0.01%
                        Deletion average length |	1.89
                        Insertion rate per base |	0.01%
                       Insertion average length |	1.62
                             MULTI-MAPPING READS:
        Number of reads mapped to multiple loci |	997742
             % of reads mapped to multiple loci |	2.36%
        Number of reads mapped to too many loci |	14807
             % of reads mapped to too many loci |	0.03%
                                  UNMAPPED READS:
  Number of reads unmapped: too many mismatches |	0
       % of reads unmapped: too many mismatches |	0.00%
            Number of reads unmapped: too short |	259868
                 % of reads unmapped: too short |	0.61%
                Number of reads unmapped: other |	71002
                     % of reads unmapped: other |	0.17%
                                  CHIMERIC READS:
                       Number of chimeric reads |	0
                            % of chimeric reads |	0.00%
