                                 Started job on |	Oct 17 10:46:43
                             Started mapping on |	Oct 17 10:54:48
                                    Finished on |	Oct 17 11:20:21
       Mapping speed, Million of reads per hour |	94.23

                          Number of input reads |	40128057
                      Average input read length |	299
                                    UNIQUE READS:
                   Uniquely mapped reads number |	38784353
                        Uniquely mapped reads % |	96.65%
                          Average mapped length |	298.61
                       Number of splices: Total |	40945532
            Number of splices: Annotated (sjdb) |	40885325
                       Number of splices: GT/AG |	40461721
                       Number of splices: GC/AG |	355016
                       Number of splices: AT/AC |	43823
               Number of splices: Non-canonical |	84972
                      Mismatch rate per base, % |	0.19%
                         Deletion rate per base |	0.01%
                        Deletion average length |	1.80
                        Insertion rate per base |	0.01%
                       Insertion average length |	1.59
                             MULTI-MAPPING READS:
        Number of reads mapped to multiple loci |	1081562
             % of reads mapped to multiple loci |	2.70%
        Number of reads mapped to too many loci |	9273
             % of reads mapped to too many loci |	0.02%
                                  UNMAPPED READS:
  Number of reads unmapped: too many mismatches |	0
       % of reads unmapped: too many mismatches |	0.00%
            Number of reads unmapped: too short |	226216
                 % of reads unmapped: too short |	0.56%
                Number of reads unmapped: other |	26653
                     % of reads unmapped: other |	0.07%
                                  CHIMERIC READS:
                       Number of chimeric reads |	0
                            % of chimeric reads |	0.00%
