                                 Started job on |	Oct 17 10:47:04
                             Started mapping on |	Oct 17 10:55:37
                                    Finished on |	Oct 17 11:20:51
       Mapping speed, Million of reads per hour |	99.30

                          Number of input reads |	41761284
                      Average input read length |	298
                                    UNIQUE READS:
                   Uniquely mapped reads number |	40190994
                        Uniquely mapped reads % |	96.24%
                          Average mapped length |	297.93
                       Number of splices: Total |	44809588
            Number of splices: Annotated (sjdb) |	44748161
                       Number of splices: GT/AG |	44323729
                       Number of splices: GC/AG |	368998
                       Number of splices: AT/AC |	47931
               Number of splices: Non-canonical |	68930
                      Mismatch rate per base, % |	0.25%
                         Deletion rate per base |	0.01%
                        Deletion average length |	1.89
                        Insertion rate per base |	0.01%
                       Insertion average length |	1.73
                             MULTI-MAPPING READS:
        Number of reads mapped to multiple loci |	1155247
             % of reads mapped to multiple loci |	2.77%
        Number of reads mapped to too many loci |	11892
             % of reads mapped to too many loci |	0.03%
                                  UNMAPPED READS:
  Number of reads unmapped: too many mismatches |	0
       % of reads unmapped: too many mismatches |	0.00%
            Number of reads unmapped: too short |	360424
                 % of reads unmapped: too short |	0.86%
                Number of reads unmapped: other |	42727
                     % of reads unmapped: other |	0.10%
                                  CHIMERIC READS:
                       Number of chimeric reads |	0
                            % of chimeric reads |	0.00%
